#! /c/Source/iverilog-install/bin/vvp
:ivl_version "12.0 (devel)" "(s20150603-1539-g2693dd32b)";
:ivl_delay_selection "TYPICAL";
:vpi_time_precision - 12;
:vpi_module "D:\iverilog\lib\ivl\system.vpi";
:vpi_module "D:\iverilog\lib\ivl\vhdl_sys.vpi";
:vpi_module "D:\iverilog\lib\ivl\vhdl_textio.vpi";
:vpi_module "D:\iverilog\lib\ivl\v2005_math.vpi";
:vpi_module "D:\iverilog\lib\ivl\va_math.vpi";
S_00000205d341d260 .scope module, "Verilog1_tb" "Verilog1_tb" 2 21;
 .timescale -11 -12;
v00000205d34ac850_0 .var "c", 0 0;
v00000205d34ac8f0_0 .var/i "i", 31 0;
v00000205d34ac990_0 .net "q1", 0 0, v00000205d3416a40_0;  1 drivers
v00000205d34aca30_0 .net "q2", 0 0, v00000205d341d580_0;  1 drivers
v00000205d34acad0_0 .net "q3", 0 0, v00000205d341d620_0;  1 drivers
S_00000205d341d3f0 .scope module, "Verilog1" "Verilog1" 2 25, 2 3 0, S_00000205d341d260;
 .timescale -11 -12;
    .port_info 0 /INPUT 1 "CLK";
    .port_info 1 /OUTPUT 1 "Q1";
    .port_info 2 /OUTPUT 1 "Q2";
    .port_info 3 /OUTPUT 1 "Q3";
v00000205d341be50_0 .net "CLK", 0 0, v00000205d34ac850_0;  1 drivers
v00000205d3416a40_0 .var "Q1", 0 0;
v00000205d341d580_0 .var "Q2", 0 0;
v00000205d341d620_0 .var "Q3", 0 0;
E_00000205d3418cf0 .event posedge, v00000205d341be50_0;
    .scope S_00000205d341d3f0;
T_0 ;
    %wait E_00000205d3418cf0;
    %load/vec4 v00000205d341d620_0;
    %inv;
    %load/vec4 v00000205d341d580_0;
    %inv;
    %load/vec4 v00000205d3416a40_0;
    %and;
    %or;
    %assign/vec4 v00000205d3416a40_0, 0;
    %load/vec4 v00000205d341d580_0;
    %load/vec4 v00000205d3416a40_0;
    %and;
    %load/vec4 v00000205d341d580_0;
    %inv;
    %load/vec4 v00000205d3416a40_0;
    %inv;
    %and;
    %or;
    %load/vec4 v00000205d341d620_0;
    %inv;
    %load/vec4 v00000205d3416a40_0;
    %and;
    %or;
    %assign/vec4 v00000205d341d580_0, 0;
    %load/vec4 v00000205d341d580_0;
    %assign/vec4 v00000205d341d620_0, 0;
    %jmp T_0;
    .thread T_0;
    .scope S_00000205d341d3f0;
T_1 ;
    %pushi/vec4 1, 0, 1;
    %assign/vec4 v00000205d3416a40_0, 0;
    %pushi/vec4 0, 0, 1;
    %assign/vec4 v00000205d341d580_0, 0;
    %pushi/vec4 0, 0, 1;
    %assign/vec4 v00000205d341d620_0, 0;
    %vpi_call 2 16 "$dumpfile", "3.16.vcd" {0 0 0};
    %vpi_call 2 17 "$dumpvars", 32'sb00000000000000000000000000000000, S_00000205d341d3f0 {0 0 0};
    %end;
    .thread T_1;
    .scope S_00000205d341d260;
T_2 ;
    %pushi/vec4 0, 0, 1;
    %assign/vec4 v00000205d34ac850_0, 0;
    %pushi/vec4 0, 0, 32;
    %store/vec4 v00000205d34ac8f0_0, 0, 32;
T_2.0 ;
    %load/vec4 v00000205d34ac8f0_0;
    %cmpi/s 8, 0, 32;
    %jmp/0xz T_2.1, 5;
    %delay 100, 0;
    %pushi/vec4 1, 0, 1;
    %assign/vec4 v00000205d34ac850_0, 0;
    %delay 100, 0;
    %pushi/vec4 0, 0, 1;
    %assign/vec4 v00000205d34ac850_0, 0;
    %load/vec4 v00000205d34ac8f0_0;
    %addi 1, 0, 32;
    %store/vec4 v00000205d34ac8f0_0, 0, 32;
    %jmp T_2.0;
T_2.1 ;
    %delay 100, 0;
    %vpi_call 2 32 "$finish" {0 0 0};
    %end;
    .thread T_2;
# The file index is used to find the file name in the following table.
:file_names 3;
    "N/A";
    "<interactive>";
    "3.16.v";
