#! /c/Source/iverilog-install/bin/vvp
:ivl_version "12.0 (devel)" "(s20150603-1539-g2693dd32b)";
:ivl_delay_selection "TYPICAL";
:vpi_time_precision + 0;
:vpi_module "D:\iverilog\lib\ivl\system.vpi";
:vpi_module "D:\iverilog\lib\ivl\vhdl_sys.vpi";
:vpi_module "D:\iverilog\lib\ivl\vhdl_textio.vpi";
:vpi_module "D:\iverilog\lib\ivl\v2005_math.vpi";
:vpi_module "D:\iverilog\lib\ivl\va_math.vpi";
S_0000018bb7926750 .scope module, "mod60" "mod60" 2 1;
 .timescale 0 0;
    .port_info 0 /INPUT 1 "clk";
    .port_info 1 /INPUT 1 "clr";
    .port_info 2 /OUTPUT 7 "lg";
    .port_info 3 /OUTPUT 7 "ls";
o0000018bb77ebfb8 .functor BUFZ 1, C4<z>; HiZ drive
v0000018bb7926c80_0 .net "clk", 0 0, o0000018bb77ebfb8;  0 drivers
o0000018bb77ebfe8 .functor BUFZ 1, C4<z>; HiZ drive
v0000018bb7926ea0_0 .net "clr", 0 0, o0000018bb77ebfe8;  0 drivers
v0000018bb792be20_0 .var "g", 3 0;
v0000018bb792bec0_0 .var "lg", 0 6;
v0000018bb79268e0_0 .var "ls", 0 6;
v0000018bb7926980_0 .var "s", 3 0;
E_0000018bb792b140 .event anyedge, v0000018bb7926980_0;
E_0000018bb792b0c0 .event anyedge, v0000018bb792be20_0;
E_0000018bb792b380/0 .event negedge, v0000018bb7926ea0_0;
E_0000018bb792b380/1 .event posedge, v0000018bb7926c80_0;
E_0000018bb792b380 .event/or E_0000018bb792b380/0, E_0000018bb792b380/1;
    .scope S_0000018bb7926750;
T_0 ;
    %wait E_0000018bb792b380;
    %load/vec4 v0000018bb7926ea0_0;
    %nor/r;
    %load/vec4 v0000018bb792be20_0;
    %cmpi/e 9, 0, 4;
    %flag_get/vec4 4;
    %jmp/0 T_0.2, 4;
    %load/vec4 v0000018bb7926980_0;
    %pushi/vec4 5, 0, 4;
    %cmp/e;
    %flag_get/vec4 4;
    %and;
T_0.2;
    %or;
    %flag_set/vec4 8;
    %jmp/0xz  T_0.0, 8;
    %pushi/vec4 0, 0, 4;
    %assign/vec4 v0000018bb792be20_0, 0;
    %pushi/vec4 0, 0, 4;
    %assign/vec4 v0000018bb7926980_0, 0;
    %jmp T_0.1;
T_0.0 ;
    %load/vec4 v0000018bb792be20_0;
    %cmpi/e 9, 0, 4;
    %jmp/0xz  T_0.3, 4;
    %pushi/vec4 0, 0, 4;
    %assign/vec4 v0000018bb792be20_0, 0;
    %load/vec4 v0000018bb7926980_0;
    %addi 1, 0, 4;
    %assign/vec4 v0000018bb7926980_0, 0;
    %jmp T_0.4;
T_0.3 ;
    %load/vec4 v0000018bb792be20_0;
    %addi 1, 0, 4;
    %assign/vec4 v0000018bb792be20_0, 0;
T_0.4 ;
T_0.1 ;
    %jmp T_0;
    .thread T_0;
    .scope S_0000018bb7926750;
T_1 ;
    %wait E_0000018bb792b0c0;
    %load/vec4 v0000018bb792be20_0;
    %dup/vec4;
    %pushi/vec4 0, 0, 4;
    %cmp/u;
    %jmp/1 T_1.0, 6;
    %dup/vec4;
    %pushi/vec4 1, 0, 4;
    %cmp/u;
    %jmp/1 T_1.1, 6;
    %dup/vec4;
    %pushi/vec4 2, 0, 4;
    %cmp/u;
    %jmp/1 T_1.2, 6;
    %dup/vec4;
    %pushi/vec4 3, 0, 4;
    %cmp/u;
    %jmp/1 T_1.3, 6;
    %dup/vec4;
    %pushi/vec4 4, 0, 4;
    %cmp/u;
    %jmp/1 T_1.4, 6;
    %dup/vec4;
    %pushi/vec4 5, 0, 4;
    %cmp/u;
    %jmp/1 T_1.5, 6;
    %dup/vec4;
    %pushi/vec4 6, 0, 4;
    %cmp/u;
    %jmp/1 T_1.6, 6;
    %dup/vec4;
    %pushi/vec4 7, 0, 4;
    %cmp/u;
    %jmp/1 T_1.7, 6;
    %dup/vec4;
    %pushi/vec4 8, 0, 4;
    %cmp/u;
    %jmp/1 T_1.8, 6;
    %dup/vec4;
    %pushi/vec4 9, 0, 4;
    %cmp/u;
    %jmp/1 T_1.9, 6;
    %pushi/vec4 0, 0, 7;
    %assign/vec4 v0000018bb792bec0_0, 0;
    %jmp T_1.11;
T_1.0 ;
    %pushi/vec4 126, 0, 7;
    %assign/vec4 v0000018bb792bec0_0, 0;
    %jmp T_1.11;
T_1.1 ;
    %pushi/vec4 48, 0, 7;
    %assign/vec4 v0000018bb792bec0_0, 0;
    %jmp T_1.11;
T_1.2 ;
    %pushi/vec4 109, 0, 7;
    %assign/vec4 v0000018bb792bec0_0, 0;
    %jmp T_1.11;
T_1.3 ;
    %pushi/vec4 121, 0, 7;
    %assign/vec4 v0000018bb792bec0_0, 0;
    %jmp T_1.11;
T_1.4 ;
    %pushi/vec4 51, 0, 7;
    %assign/vec4 v0000018bb792bec0_0, 0;
    %jmp T_1.11;
T_1.5 ;
    %pushi/vec4 91, 0, 7;
    %assign/vec4 v0000018bb792bec0_0, 0;
    %jmp T_1.11;
T_1.6 ;
    %pushi/vec4 95, 0, 7;
    %assign/vec4 v0000018bb792bec0_0, 0;
    %jmp T_1.11;
T_1.7 ;
    %pushi/vec4 112, 0, 7;
    %assign/vec4 v0000018bb792bec0_0, 0;
    %jmp T_1.11;
T_1.8 ;
    %pushi/vec4 127, 0, 7;
    %assign/vec4 v0000018bb792bec0_0, 0;
    %jmp T_1.11;
T_1.9 ;
    %pushi/vec4 123, 0, 7;
    %assign/vec4 v0000018bb792bec0_0, 0;
    %jmp T_1.11;
T_1.11 ;
    %pop/vec4 1;
    %jmp T_1;
    .thread T_1, $push;
    .scope S_0000018bb7926750;
T_2 ;
    %wait E_0000018bb792b140;
    %load/vec4 v0000018bb7926980_0;
    %dup/vec4;
    %pushi/vec4 0, 0, 4;
    %cmp/u;
    %jmp/1 T_2.0, 6;
    %dup/vec4;
    %pushi/vec4 1, 0, 4;
    %cmp/u;
    %jmp/1 T_2.1, 6;
    %dup/vec4;
    %pushi/vec4 2, 0, 4;
    %cmp/u;
    %jmp/1 T_2.2, 6;
    %dup/vec4;
    %pushi/vec4 3, 0, 4;
    %cmp/u;
    %jmp/1 T_2.3, 6;
    %dup/vec4;
    %pushi/vec4 4, 0, 4;
    %cmp/u;
    %jmp/1 T_2.4, 6;
    %dup/vec4;
    %pushi/vec4 5, 0, 4;
    %cmp/u;
    %jmp/1 T_2.5, 6;
    %dup/vec4;
    %pushi/vec4 6, 0, 4;
    %cmp/u;
    %jmp/1 T_2.6, 6;
    %dup/vec4;
    %pushi/vec4 7, 0, 4;
    %cmp/u;
    %jmp/1 T_2.7, 6;
    %dup/vec4;
    %pushi/vec4 8, 0, 4;
    %cmp/u;
    %jmp/1 T_2.8, 6;
    %dup/vec4;
    %pushi/vec4 9, 0, 4;
    %cmp/u;
    %jmp/1 T_2.9, 6;
    %pushi/vec4 0, 0, 7;
    %assign/vec4 v0000018bb79268e0_0, 0;
    %jmp T_2.11;
T_2.0 ;
    %pushi/vec4 126, 0, 7;
    %assign/vec4 v0000018bb79268e0_0, 0;
    %jmp T_2.11;
T_2.1 ;
    %pushi/vec4 48, 0, 7;
    %assign/vec4 v0000018bb79268e0_0, 0;
    %jmp T_2.11;
T_2.2 ;
    %pushi/vec4 109, 0, 7;
    %assign/vec4 v0000018bb79268e0_0, 0;
    %jmp T_2.11;
T_2.3 ;
    %pushi/vec4 121, 0, 7;
    %assign/vec4 v0000018bb79268e0_0, 0;
    %jmp T_2.11;
T_2.4 ;
    %pushi/vec4 51, 0, 7;
    %assign/vec4 v0000018bb79268e0_0, 0;
    %jmp T_2.11;
T_2.5 ;
    %pushi/vec4 91, 0, 7;
    %assign/vec4 v0000018bb79268e0_0, 0;
    %jmp T_2.11;
T_2.6 ;
    %pushi/vec4 95, 0, 7;
    %assign/vec4 v0000018bb79268e0_0, 0;
    %jmp T_2.11;
T_2.7 ;
    %pushi/vec4 112, 0, 7;
    %assign/vec4 v0000018bb79268e0_0, 0;
    %jmp T_2.11;
T_2.8 ;
    %pushi/vec4 127, 0, 7;
    %assign/vec4 v0000018bb79268e0_0, 0;
    %jmp T_2.11;
T_2.9 ;
    %pushi/vec4 123, 0, 7;
    %assign/vec4 v0000018bb79268e0_0, 0;
    %jmp T_2.11;
T_2.11 ;
    %pop/vec4 1;
    %jmp T_2;
    .thread T_2, $push;
# The file index is used to find the file name in the following table.
:file_names 3;
    "N/A";
    "<interactive>";
    "mod60.v";
