#! /c/Source/iverilog-install/bin/vvp
:ivl_version "12.0 (devel)" "(s20150603-1539-g2693dd32b)";
:ivl_delay_selection "TYPICAL";
:vpi_time_precision - 12;
:vpi_module "D:\iverilog\lib\ivl\system.vpi";
:vpi_module "D:\iverilog\lib\ivl\vhdl_sys.vpi";
:vpi_module "D:\iverilog\lib\ivl\vhdl_textio.vpi";
:vpi_module "D:\iverilog\lib\ivl\v2005_math.vpi";
:vpi_module "D:\iverilog\lib\ivl\va_math.vpi";
S_000001e729c867b0 .scope module, "Verilog1_tb" "Verilog1_tb" 2 19;
 .timescale -11 -12;
v000001e729c86b70_0 .var "aa", 0 0;
v000001e729ccb820_0 .var "bb", 0 0;
v000001e729ccb8c0_0 .var "cc", 0 0;
v000001e729ccb960_0 .net "yy", 0 0, v000001e729c86ad0_0;  1 drivers
S_000001e729c86940 .scope module, "Verilog1" "Verilog1" 2 22, 2 3 0, S_000001e729c867b0;
 .timescale -11 -12;
    .port_info 0 /INPUT 1 "A";
    .port_info 1 /INPUT 1 "B";
    .port_info 2 /INPUT 1 "C";
    .port_info 3 /OUTPUT 1 "Y";
v000001e729dbb530_0 .net "A", 0 0, v000001e729c86b70_0;  1 drivers
v000001e729db6a40_0 .net "B", 0 0, v000001e729ccb820_0;  1 drivers
v000001e729c74e50_0 .net "C", 0 0, v000001e729ccb8c0_0;  1 drivers
v000001e729c86ad0_0 .var "Y", 0 0;
E_000001e729db8b10 .event anyedge, v000001e729c74e50_0, v000001e729db6a40_0, v000001e729dbb530_0;
    .scope S_000001e729c86940;
T_0 ;
    %wait E_000001e729db8b10;
    %load/vec4 v000001e729db6a40_0;
    %inv;
    %load/vec4 v000001e729c74e50_0;
    %inv;
    %or;
    %load/vec4 v000001e729dbb530_0;
    %load/vec4 v000001e729c86ad0_0;
    %and;
    %or;
    %assign/vec4 v000001e729c86ad0_0, 0;
    %jmp T_0;
    .thread T_0, $push;
    .scope S_000001e729c86940;
T_1 ;
    %pushi/vec4 1, 0, 1;
    %assign/vec4 v000001e729c86ad0_0, 0;
    %vpi_call 2 14 "$dumpfile", "3.1.vcd" {0 0 0};
    %vpi_call 2 15 "$dumpvars", 32'sb00000000000000000000000000000000, S_000001e729c86940 {0 0 0};
    %end;
    .thread T_1;
    .scope S_000001e729c867b0;
T_2 ;
    %pushi/vec4 1, 0, 1;
    %assign/vec4 v000001e729c86b70_0, 0;
    %pushi/vec4 1, 0, 1;
    %assign/vec4 v000001e729ccb820_0, 0;
    %pushi/vec4 1, 0, 1;
    %assign/vec4 v000001e729ccb8c0_0, 0;
    %delay 100, 0;
    %pushi/vec4 0, 0, 1;
    %assign/vec4 v000001e729c86b70_0, 0;
    %delay 100, 0;
    %pushi/vec4 1, 0, 1;
    %assign/vec4 v000001e729c86b70_0, 0;
    %delay 50, 0;
    %pushi/vec4 0, 0, 1;
    %assign/vec4 v000001e729ccb820_0, 0;
    %delay 50, 0;
    %pushi/vec4 0, 0, 1;
    %assign/vec4 v000001e729ccb8c0_0, 0;
    %delay 50, 0;
    %pushi/vec4 1, 0, 1;
    %assign/vec4 v000001e729ccb820_0, 0;
    %delay 50, 0;
    %pushi/vec4 1, 0, 1;
    %assign/vec4 v000001e729ccb8c0_0, 0;
    %delay 50, 0;
    %pushi/vec4 0, 0, 1;
    %assign/vec4 v000001e729ccb820_0, 0;
    %delay 100, 0;
    %pushi/vec4 1, 0, 1;
    %assign/vec4 v000001e729ccb820_0, 0;
    %delay 100, 0;
    %pushi/vec4 0, 0, 1;
    %assign/vec4 v000001e729c86b70_0, 0;
    %delay 100, 0;
    %pushi/vec4 1, 0, 1;
    %assign/vec4 v000001e729c86b70_0, 0;
    %delay 50, 0;
    %pushi/vec4 0, 0, 1;
    %assign/vec4 v000001e729ccb8c0_0, 0;
    %delay 100, 0;
    %vpi_call 2 38 "$finish" {0 0 0};
    %end;
    .thread T_2;
# The file index is used to find the file name in the following table.
:file_names 3;
    "N/A";
    "<interactive>";
    "3.1.v";
