#! /c/Source/iverilog-install/bin/vvp
:ivl_version "12.0 (devel)" "(s20150603-1539-g2693dd32b)";
:ivl_delay_selection "TYPICAL";
:vpi_time_precision - 12;
:vpi_module "D:\iverilog\lib\ivl\system.vpi";
:vpi_module "D:\iverilog\lib\ivl\vhdl_sys.vpi";
:vpi_module "D:\iverilog\lib\ivl\vhdl_textio.vpi";
:vpi_module "D:\iverilog\lib\ivl\v2005_math.vpi";
:vpi_module "D:\iverilog\lib\ivl\va_math.vpi";
S_0000017fa275da70 .scope module, "Verilog1_tb" "Verilog1_tb" 2 25;
 .timescale -11 -12;
v0000017fa275b870_0 .var "c", 0 0;
v0000017fa275b910_0 .net "q1", 0 0, v0000017fa2756a40_0;  1 drivers
v0000017fa275b9b0_0 .net "q2", 0 0, v0000017fa275a750_0;  1 drivers
v0000017fa275ba50_0 .net "q3", 0 0, v0000017fa275dd90_0;  1 drivers
v0000017fa275baf0_0 .net "q4", 0 0, v0000017fa275de30_0;  1 drivers
S_0000017fa275dc00 .scope module, "Verilog1" "Verilog1" 2 28, 2 3 0, S_0000017fa275da70;
 .timescale -11 -12;
    .port_info 0 /INPUT 1 "CLK";
    .port_info 1 /OUTPUT 1 "Q1";
    .port_info 2 /OUTPUT 1 "Q2";
    .port_info 3 /OUTPUT 1 "Q3";
    .port_info 4 /OUTPUT 1 "Q4";
v0000017fa2759850_0 .net "CLK", 0 0, v0000017fa275b870_0;  1 drivers
v0000017fa2756a40_0 .var "Q1", 0 0;
v0000017fa275a750_0 .var "Q2", 0 0;
v0000017fa275dd90_0 .var "Q3", 0 0;
v0000017fa275de30_0 .var "Q4", 0 0;
E_0000017fa2757f70 .event negedge, v0000017fa2759850_0;
E_0000017fa2758530 .event posedge, v0000017fa2759850_0;
    .scope S_0000017fa275dc00;
T_0 ;
    %wait E_0000017fa2758530;
    %load/vec4 v0000017fa2756a40_0;
    %assign/vec4 v0000017fa2756a40_0, 0;
    %pushi/vec4 0, 0, 1;
    %assign/vec4 v0000017fa275a750_0, 0;
    %load/vec4 v0000017fa275dd90_0;
    %inv;
    %assign/vec4 v0000017fa275dd90_0, 0;
    %jmp T_0;
    .thread T_0;
    .scope S_0000017fa275dc00;
T_1 ;
    %wait E_0000017fa2757f70;
    %load/vec4 v0000017fa275de30_0;
    %inv;
    %assign/vec4 v0000017fa275de30_0, 0;
    %jmp T_1;
    .thread T_1;
    .scope S_0000017fa275dc00;
T_2 ;
    %pushi/vec4 0, 0, 1;
    %assign/vec4 v0000017fa2756a40_0, 0;
    %pushi/vec4 0, 0, 1;
    %assign/vec4 v0000017fa275a750_0, 0;
    %pushi/vec4 0, 0, 1;
    %assign/vec4 v0000017fa275dd90_0, 0;
    %pushi/vec4 0, 0, 1;
    %assign/vec4 v0000017fa275de30_0, 0;
    %vpi_call 2 20 "$dumpfile", "3.5.vcd" {0 0 0};
    %vpi_call 2 21 "$dumpvars", 32'sb00000000000000000000000000000000, S_0000017fa275dc00 {0 0 0};
    %end;
    .thread T_2;
    .scope S_0000017fa275da70;
T_3 ;
    %pushi/vec4 0, 0, 1;
    %assign/vec4 v0000017fa275b870_0, 0;
    %delay 100, 0;
    %pushi/vec4 1, 0, 1;
    %assign/vec4 v0000017fa275b870_0, 0;
    %delay 100, 0;
    %pushi/vec4 0, 0, 1;
    %assign/vec4 v0000017fa275b870_0, 0;
    %delay 100, 0;
    %pushi/vec4 1, 0, 1;
    %assign/vec4 v0000017fa275b870_0, 0;
    %delay 100, 0;
    %pushi/vec4 0, 0, 1;
    %assign/vec4 v0000017fa275b870_0, 0;
    %delay 100, 0;
    %pushi/vec4 1, 0, 1;
    %assign/vec4 v0000017fa275b870_0, 0;
    %delay 100, 0;
    %pushi/vec4 0, 0, 1;
    %assign/vec4 v0000017fa275b870_0, 0;
    %delay 100, 0;
    %pushi/vec4 1, 0, 1;
    %assign/vec4 v0000017fa275b870_0, 0;
    %delay 100, 0;
    %pushi/vec4 0, 0, 1;
    %assign/vec4 v0000017fa275b870_0, 0;
    %delay 100, 0;
    %pushi/vec4 1, 0, 1;
    %assign/vec4 v0000017fa275b870_0, 0;
    %delay 100, 0;
    %pushi/vec4 0, 0, 1;
    %assign/vec4 v0000017fa275b870_0, 0;
    %delay 100, 0;
    %vpi_call 2 41 "$finish" {0 0 0};
    %end;
    .thread T_3;
# The file index is used to find the file name in the following table.
:file_names 3;
    "N/A";
    "<interactive>";
    "3.5.v";
