#! /c/Source/iverilog-install/bin/vvp
:ivl_version "12.0 (devel)" "(s20150603-1539-g2693dd32b)";
:ivl_delay_selection "TYPICAL";
:vpi_time_precision - 12;
:vpi_module "D:\iverilog\lib\ivl\system.vpi";
:vpi_module "D:\iverilog\lib\ivl\vhdl_sys.vpi";
:vpi_module "D:\iverilog\lib\ivl\vhdl_textio.vpi";
:vpi_module "D:\iverilog\lib\ivl\v2005_math.vpi";
:vpi_module "D:\iverilog\lib\ivl\va_math.vpi";
S_000001e227336ae0 .scope module, "Verilog1_tb" "Verilog1_tb" 2 20;
 .timescale -11 -12;
v000001e227077030_0 .var "c", 0 0;
v000001e227336e00_0 .var/i "i", 31 0;
v000001e227336ea0_0 .net "q", 3 0, v000001e227076a40_0;  1 drivers
S_000001e227336c70 .scope module, "Verilog1" "Verilog1" 2 24, 2 2 0, S_000001e227336ae0;
 .timescale -11 -12;
    .port_info 0 /INPUT 1 "clk";
    .port_info 1 /OUTPUT 4 "q";
v000001e227076ca0_0 .net "clk", 0 0, v000001e227077030_0;  1 drivers
v000001e227076a40_0 .var "q", 3 0;
E_000001e22707c960 .event posedge, v000001e227076ca0_0;
    .scope S_000001e227336c70;
T_0 ;
    %wait E_000001e22707c960;
    %load/vec4 v000001e227076a40_0;
    %cmpi/e 11, 0, 4;
    %jmp/0xz  T_0.0, 4;
    %pushi/vec4 0, 0, 4;
    %assign/vec4 v000001e227076a40_0, 0;
    %jmp T_0.1;
T_0.0 ;
    %load/vec4 v000001e227076a40_0;
    %addi 1, 0, 4;
    %assign/vec4 v000001e227076a40_0, 0;
T_0.1 ;
    %jmp T_0;
    .thread T_0;
    .scope S_000001e227336c70;
T_1 ;
    %pushi/vec4 0, 0, 4;
    %assign/vec4 v000001e227076a40_0, 0;
    %vpi_call 2 16 "$dumpfile", "3.12.vcd" {0 0 0};
    %vpi_call 2 17 "$dumpvars", 32'sb00000000000000000000000000000000, S_000001e227336c70 {0 0 0};
    %end;
    .thread T_1;
    .scope S_000001e227336ae0;
T_2 ;
    %pushi/vec4 0, 0, 1;
    %assign/vec4 v000001e227077030_0, 0;
    %pushi/vec4 0, 0, 32;
    %store/vec4 v000001e227336e00_0, 0, 32;
T_2.0 ;
    %load/vec4 v000001e227336e00_0;
    %cmpi/s 13, 0, 32;
    %jmp/0xz T_2.1, 5;
    %delay 100, 0;
    %pushi/vec4 1, 0, 1;
    %assign/vec4 v000001e227077030_0, 0;
    %delay 100, 0;
    %pushi/vec4 0, 0, 1;
    %assign/vec4 v000001e227077030_0, 0;
    %load/vec4 v000001e227336e00_0;
    %addi 1, 0, 32;
    %store/vec4 v000001e227336e00_0, 0, 32;
    %jmp T_2.0;
T_2.1 ;
    %delay 100, 0;
    %vpi_call 2 31 "$finish" {0 0 0};
    %end;
    .thread T_2;
# The file index is used to find the file name in the following table.
:file_names 3;
    "N/A";
    "<interactive>";
    "3.12.v";
